<?xml version="1.0" encoding="UTF-8"?>
<testsuite name="com.rf.learning.jpaspringbootapp.JPASpringBootApplicationTest" time="0.35" tests="8" errors="0" skipped="0" failures="0">
  <properties>
[...]
</properties>
  <testcase name="findByNameLike" classname="com.rf.learning.jpaspringbootapp.JPASpringBootApplicationTest" time="0.246"/>
  <testcase name="findAllUsers_nameASC" classname="com.rf.learning.jpaspringbootapp.JPASpringBootApplicationTest" time="0.02"/>
  <testcase name="findByName" classname="com.rf.learning.jpaspringbootapp.JPASpringBootApplicationTest" time="0.01"/>
  <testcase name="findUserById" classname="com.rf.learning.jpaspringbootapp.JPASpringBootApplicationTest" time="0.01"/>
  <testcase name="findAllUsers_pageRequest" classname="com.rf.learning.jpaspringbootapp.JPASpringBootApplicationTest" time="0.02"/>
  <testcase name="findAllUsers_dualOrder" classname="com.rf.learning.jpaspringbootapp.JPASpringBootApplicationTest" time="0.009"/>
  <testcase name="createUser" classname="com.rf.learning.jpaspringbootapp.JPASpringBootApplicationTest" time="0.024"/>
  <testcase name="findAllUsers" classname="com.rf.learning.jpaspringbootapp.JPASpringBootApplicationTest" time="0.011"/>
</testsuite>